<?xml version="1.0" encoding="UTF-8"?>
<!-- Generated by org.testng.reporters.JUnitReportReporter -->
<testsuite skipped="0" hostname="CTND1285-PC" name="Practice.Example" tests="1" failures="0" timestamp="12 May 2017 09:01:10 GMT" time="17.053" errors="0">
  <testcase name="main1" time="17.053" classname="Practice.Example"/>
</testsuite> <!-- Practice.Example -->
